e:\1\projects\projects\debug\vc120.pdb
e:\1\projects\projects\debug\vc120.idb
e:\1\projects\projects\debug\gcs_mavlink.obj
e:\1\projects\projects\debug\gcs_serial_control.obj
e:\1\projects\projects\debug\mavlink_routing.obj
e:\1\projects\projects\debug\pid.obj
e:\1\projects\projects\debug\rc_channel.obj
e:\1\projects\projects\debug\rc_channel_aux.obj
e:\1\projects\projects\debug\sim_aircraft.obj
e:\1\projects\projects\debug\sim_balloon.obj
e:\1\projects\projects\debug\sim_crrcsim.obj
e:\1\projects\projects\debug\sim_gazebo.obj
e:\1\projects\projects\debug\sim_gimbal.obj
e:\1\projects\projects\debug\sim_helicopter.obj
e:\1\projects\projects\debug\sim_jsbsim.obj
e:\1\projects\projects\debug\sim_last_letter.obj
e:\1\projects\projects\debug\sim_multicopter.obj
e:\1\projects\projects\debug\sim_rover.obj
e:\1\projects\projects\debug\sim_tracker.obj
e:\1\projects\projects\debug\sitl.obj
e:\1\projects\projects\debug\storagemanager.obj
e:\1\projects\projects\debug\supportclass.obj
e:\1\projects\projects\debug\takeoff.obj
e:\1\projects\projects\debug\test.obj
e:\1\projects\projects\debug\tuning.obj
e:\1\projects\projects\debug\usercode.obj
e:\1\projects\projects\debug\dataflash.obj
e:\1\projects\projects\debug\dataflash_apm1.obj
e:\1\projects\projects\debug\dataflash_apm2.obj
e:\1\projects\projects\debug\dataflash_backend.obj
e:\1\projects\projects\debug\dataflash_block.obj
e:\1\projects\projects\debug\dataflash_empty.obj
e:\1\projects\projects\debug\dataflash_file.obj
e:\1\projects\projects\debug\dataflash_sitl.obj
e:\1\projects\projects\debug\dfmessagewriter.obj
e:\1\projects\projects\debug\logfile.obj
e:\1\projects\projects\debug\derivativefilter.obj
e:\1\projects\projects\debug\lowpassfilter.obj
e:\1\projects\projects\debug\lowpassfilter2p.obj
e:\1\projects\projects\debug\gcs_console.obj
e:\1\projects\projects\debug\gcs_common.obj
e:\1\projects\projects\debug\gcs_logs.obj
e:\1\projects\projects\debug\heli.obj
e:\1\projects\projects\debug\heli_control_acro.obj
e:\1\projects\projects\debug\heli_control_stabilize.obj
e:\1\projects\projects\debug\inertia.obj
e:\1\projects\projects\debug\landing_gear.obj
e:\1\projects\projects\debug\land_detector.obj
e:\1\projects\projects\debug\leds.obj
e:\1\projects\projects\debug\log.obj
e:\1\projects\projects\debug\motors.obj
e:\1\projects\projects\debug\motor_test.obj
e:\1\projects\projects\debug\navigation.obj
e:\1\projects\projects\debug\parameters.obj
e:\1\projects\projects\debug\perf_info.obj
e:\1\projects\projects\debug\position_vector.obj
e:\1\projects\projects\debug\precision_landing.obj
e:\1\projects\projects\debug\radio.obj
e:\1\projects\projects\debug\sensors.obj
e:\1\projects\projects\debug\setup.obj
e:\1\projects\projects\debug\switches.obj
e:\1\projects\projects\debug\system.obj
e:\1\projects\projects\debug\control_autotune.obj
e:\1\projects\projects\debug\control_brake.obj
e:\1\projects\projects\debug\control_circle.obj
e:\1\projects\projects\debug\control_drift.obj
e:\1\projects\projects\debug\control_flip.obj
e:\1\projects\projects\debug\control_guided.obj
e:\1\projects\projects\debug\control_land.obj
e:\1\projects\projects\debug\control_loiter.obj
e:\1\projects\projects\debug\control_poshold.obj
e:\1\projects\projects\debug\control_rtl.obj
e:\1\projects\projects\debug\control_sport.obj
e:\1\projects\projects\debug\control_stabilize.obj
e:\1\projects\projects\debug\copter.obj
e:\1\projects\projects\debug\crash_check.obj
e:\1\projects\projects\debug\ekf_check.obj
e:\1\projects\projects\debug\esc_calibration.obj
e:\1\projects\projects\debug\events.obj
e:\1\projects\projects\debug\failsafe.obj
e:\1\projects\projects\debug\fence.obj
e:\1\projects\projects\debug\flight_mode.obj
e:\1\projects\projects\debug\ap_scheduler.obj
e:\1\projects\projects\debug\ap_serialmanager.obj
e:\1\projects\projects\debug\ap_servorelayevents.obj
e:\1\projects\projects\debug\ap_tecs.obj
e:\1\projects\projects\debug\ap_terrain.obj
e:\1\projects\projects\debug\terraingcs.obj
e:\1\projects\projects\debug\terrainio.obj
e:\1\projects\projects\debug\terrainmission.obj
e:\1\projects\projects\debug\terrainutil.obj
e:\1\projects\projects\debug\ap_state.obj
e:\1\projects\projects\debug\arducopter.obj
e:\1\projects\projects\debug\attitude.obj
e:\1\projects\projects\debug\capabilities.obj
e:\1\projects\projects\debug\commands.obj
e:\1\projects\projects\debug\commands_logic.obj
e:\1\projects\projects\debug\compassmot.obj
e:\1\projects\projects\debug\compat.obj
e:\1\projects\projects\debug\control_acro.obj
e:\1\projects\projects\debug\control_althold.obj
e:\1\projects\projects\debug\control_auto.obj
e:\1\projects\projects\debug\ap_param.obj
e:\1\projects\projects\debug\ap_perfmon.obj
e:\1\projects\projects\debug\ap_progmem_avr.obj
e:\1\projects\projects\debug\ap_rally.obj
e:\1\projects\projects\debug\ap_rangefinder_analog.obj
e:\1\projects\projects\debug\ap_rangefinder_bbb_pru.obj
e:\1\projects\projects\debug\ap_rangefinder_lightwarei2c.obj
e:\1\projects\projects\debug\ap_rangefinder_lightwareserial.obj
e:\1\projects\projects\debug\ap_rangefinder_maxsonari2cxl.obj
e:\1\projects\projects\debug\ap_rangefinder_pulsedlightlrf.obj
e:\1\projects\projects\debug\ap_rangefinder_px4.obj
e:\1\projects\projects\debug\ap_rangefinder_px4_pwm.obj
e:\1\projects\projects\debug\rangefinder.obj
e:\1\projects\projects\debug\rangefinder_backend.obj
e:\1\projects\projects\debug\ap_rcmapper.obj
e:\1\projects\projects\debug\ap_relay.obj
e:\1\projects\projects\debug\ap_rpm.obj
e:\1\projects\projects\debug\rpm_backend.obj
e:\1\projects\projects\debug\rpm_px4_pwm.obj
e:\1\projects\projects\debug\ap_rssi.obj
e:\1\projects\projects\debug\ap_boardled.obj
e:\1\projects\projects\debug\ap_notify.obj
e:\1\projects\projects\debug\buzzer.obj
e:\1\projects\projects\debug\externalled.obj
e:\1\projects\projects\debug\navioled.obj
e:\1\projects\projects\debug\navioled_i2c.obj
e:\1\projects\projects\debug\oreoled_px4.obj
e:\1\projects\projects\debug\rgbled.obj
e:\1\projects\projects\debug\tonealarm_linux.obj
e:\1\projects\projects\debug\tonealarm_px4.obj
e:\1\projects\projects\debug\toshibaled.obj
e:\1\projects\projects\debug\toshibaled_i2c.obj
e:\1\projects\projects\debug\toshibaled_px4.obj
e:\1\projects\projects\debug\vrboard_led.obj
e:\1\projects\projects\debug\ap_opticalflow_hil.obj
e:\1\projects\projects\debug\ap_opticalflow_linux.obj
e:\1\projects\projects\debug\ap_opticalflow_px4.obj
e:\1\projects\projects\debug\opticalflow.obj
e:\1\projects\projects\debug\opticalflow_backend.obj
e:\1\projects\projects\debug\ap_parachute.obj
e:\1\projects\projects\debug\ap_mount.obj
e:\1\projects\projects\debug\ap_mount_alexmos.obj
e:\1\projects\projects\debug\ap_mount_backend.obj
e:\1\projects\projects\debug\ap_mount_mavlink.obj
e:\1\projects\projects\debug\ap_mount_servo.obj
e:\1\projects\projects\debug\ap_mount_storm32.obj
e:\1\projects\projects\debug\ap_mount_storm32_serial.obj
e:\1\projects\projects\debug\ap_navekf2.obj
e:\1\projects\projects\debug\ap_navekf2_airdatafusion.obj
e:\1\projects\projects\debug\ap_navekf2_control.obj
e:\1\projects\projects\debug\ap_navekf2_core.obj
e:\1\projects\projects\debug\ap_navekf2_magfusion.obj
e:\1\projects\projects\debug\ap_navekf2_measurements.obj
e:\1\projects\projects\debug\ap_navekf2_optflowfusion.obj
e:\1\projects\projects\debug\ap_navekf2_outputs.obj
e:\1\projects\projects\debug\ap_navekf2_posvelfusion.obj
e:\1\projects\projects\debug\ap_navekf2_vehiclestatus.obj
e:\1\projects\projects\debug\ap_navekf_gyrobias.obj
e:\1\projects\projects\debug\ap_navekf.obj
e:\1\projects\projects\debug\ap_smallekf.obj
e:\1\projects\projects\debug\quaternion.obj
e:\1\projects\projects\debug\vector2.obj
e:\1\projects\projects\debug\vector3.obj
e:\1\projects\projects\debug\ap_menu.obj
e:\1\projects\projects\debug\ap_mission.obj
e:\1\projects\projects\debug\ap_motorscoax.obj
e:\1\projects\projects\debug\ap_motorsheli.obj
e:\1\projects\projects\debug\ap_motorsheli_rsc.obj
e:\1\projects\projects\debug\ap_motorsheli_single.obj
e:\1\projects\projects\debug\ap_motorshexa.obj
e:\1\projects\projects\debug\ap_motorsmatrix.obj
e:\1\projects\projects\debug\ap_motorsmulticopter.obj
e:\1\projects\projects\debug\ap_motorsocta.obj
e:\1\projects\projects\debug\ap_motorsoctaquad.obj
e:\1\projects\projects\debug\ap_motorsquad.obj
e:\1\projects\projects\debug\ap_motorssingle.obj
e:\1\projects\projects\debug\ap_motorstri.obj
e:\1\projects\projects\debug\ap_motorsy6.obj
e:\1\projects\projects\debug\ap_motors_class.obj
e:\1\projects\projects\debug\ap_gimbal.obj
e:\1\projects\projects\debug\ap_inertialsensor_l3g4200d.obj
e:\1\projects\projects\debug\ap_inertialsensor_lsm9ds0.obj
e:\1\projects\projects\debug\ap_inertialsensor_mpu6000.obj
e:\1\projects\projects\debug\ap_inertialsensor_mpu9150.obj
e:\1\projects\projects\debug\ap_inertialsensor_mpu9250.obj
e:\1\projects\projects\debug\ap_inertialsensor_oilpan.obj
e:\1\projects\projects\debug\ap_inertialsensor_px4.obj
e:\1\projects\projects\debug\ap_inertialsensor_userinteract_mavlink.obj
e:\1\projects\projects\debug\ap_inertialsensor_userinteract_stream.obj
e:\1\projects\projects\debug\auxiliarybus.obj
e:\1\projects\projects\debug\ap_irlock_px4.obj
e:\1\projects\projects\debug\irlock.obj
e:\1\projects\projects\debug\ap_l1_control.obj
e:\1\projects\projects\debug\ap_landinggear.obj
e:\1\projects\projects\debug\ap_math.obj
e:\1\projects\projects\debug\edc.obj
e:\1\projects\projects\debug\location.obj
e:\1\projects\projects\debug\matrix3.obj
e:\1\projects\projects\debug\matrix_alg.obj
e:\1\projects\projects\debug\polygon.obj
e:\1\projects\projects\debug\uartdriver.obj
e:\1\projects\projects\debug\analogin.obj
e:\1\projects\projects\debug\hal_sitl_class.obj
e:\1\projects\projects\debug\rcinput.obj
e:\1\projects\projects\debug\rcoutput.obj
e:\1\projects\projects\debug\scheduler.obj
e:\1\projects\projects\debug\sitl_barometer.obj
e:\1\projects\projects\debug\sitl_cmdline.obj
e:\1\projects\projects\debug\sitl_compass.obj
e:\1\projects\projects\debug\sitl_gps.obj
e:\1\projects\projects\debug\sitl_ins.obj
e:\1\projects\projects\debug\sitl_optical_flow.obj
e:\1\projects\projects\debug\sitl_state.obj
e:\1\projects\projects\debug\storage.obj
e:\1\projects\projects\debug\ap_inertialnav_navekf.obj
e:\1\projects\projects\debug\ap_inertialsensor.obj
e:\1\projects\projects\debug\ap_inertialsensor_backend.obj
e:\1\projects\projects\debug\ap_inertialsensor_flymaple.obj
e:\1\projects\projects\debug\ap_inertialsensor_hil.obj
e:\1\projects\projects\debug\gps_backend.obj
e:\1\projects\projects\debug\ftoa_engine.obj
e:\1\projects\projects\debug\getopt_cpp.obj
e:\1\projects\projects\debug\hal.obj
e:\1\projects\projects\debug\print.obj
e:\1\projects\projects\debug\print_vprintf.obj
e:\1\projects\projects\debug\socket.obj
e:\1\projects\projects\debug\util.obj
e:\1\projects\projects\debug\utoa_invert.obj
e:\1\projects\projects\debug\gpio.obj
e:\1\projects\projects\debug\hal_empty_class.obj
e:\1\projects\projects\debug\i2cdriver.obj
e:\1\projects\projects\debug\privatemember.obj
e:\1\projects\projects\debug\semaphores.obj
e:\1\projects\projects\debug\spidriver.obj
e:\1\projects\projects\debug\ap_compass_hmc5843.obj
e:\1\projects\projects\debug\ap_compass_lsm303d.obj
e:\1\projects\projects\debug\ap_compass_px4.obj
e:\1\projects\projects\debug\compass.obj
e:\1\projects\projects\debug\compasscalibrator.obj
e:\1\projects\projects\debug\compass_learn.obj
e:\1\projects\projects\debug\ap_curve.obj
e:\1\projects\projects\debug\ap_declination.obj
e:\1\projects\projects\debug\ap_epm.obj
e:\1\projects\projects\debug\ap_frsky_telem.obj
e:\1\projects\projects\debug\ap_gps.obj
e:\1\projects\projects\debug\ap_gps_gsof.obj
e:\1\projects\projects\debug\ap_gps_mtk.obj
e:\1\projects\projects\debug\ap_gps_mtk19.obj
e:\1\projects\projects\debug\ap_gps_nmea.obj
e:\1\projects\projects\debug\ap_gps_px4.obj
e:\1\projects\projects\debug\ap_gps_sbf.obj
e:\1\projects\projects\debug\ap_gps_sbp.obj
e:\1\projects\projects\debug\ap_gps_sirf.obj
e:\1\projects\projects\debug\ap_gps_ublox.obj
e:\1\projects\projects\debug\ap_baro.obj
e:\1\projects\projects\debug\ap_baro_backend.obj
e:\1\projects\projects\debug\ap_baro_bmp085.obj
e:\1\projects\projects\debug\ap_baro_hil.obj
e:\1\projects\projects\debug\ap_baro_ms5611.obj
e:\1\projects\projects\debug\ap_baro_px4.obj
e:\1\projects\projects\debug\ap_battmonitor.obj
e:\1\projects\projects\debug\ap_battmonitor_analog.obj
e:\1\projects\projects\debug\ap_battmonitor_backend.obj
e:\1\projects\projects\debug\ap_battmonitor_bebop.obj
e:\1\projects\projects\debug\ap_battmonitor_smbus_i2c.obj
e:\1\projects\projects\debug\ap_battmonitor_smbus_px4.obj
e:\1\projects\projects\debug\ap_boardconfig.obj
e:\1\projects\projects\debug\ap_camera.obj
e:\1\projects\projects\debug\ap_common.obj
e:\1\projects\projects\debug\c++.obj
e:\1\projects\projects\debug\ap_compass_ak8963.obj
e:\1\projects\projects\debug\ap_compass_backend.obj
e:\1\projects\projects\debug\ap_compass_calibration.obj
e:\1\projects\projects\debug\ap_compass_hil.obj
e:\1\projects\projects\debug\ap_autotune.obj
e:\1\projects\projects\debug\ap_pitchcontroller.obj
e:\1\projects\projects\debug\ap_rollcontroller.obj
e:\1\projects\projects\debug\ap_steercontroller.obj
e:\1\projects\projects\debug\ap_yawcontroller.obj
e:\1\projects\projects\debug\apm_obc.obj
e:\1\projects\projects\debug\apm_pi.obj
e:\1\projects\projects\debug\ap_adc.obj
e:\1\projects\projects\debug\ap_adc_ads1115.obj
e:\1\projects\projects\debug\ap_adc_ads7844.obj
e:\1\projects\projects\debug\ap_adc_analogsource.obj
e:\1\projects\projects\debug\ap_ahrs.obj
e:\1\projects\projects\debug\ap_ahrs_dcm.obj
e:\1\projects\projects\debug\ap_ahrs_navekf.obj
e:\1\projects\projects\debug\airspeed_calibration.obj
e:\1\projects\projects\debug\ap_airspeed.obj
e:\1\projects\projects\debug\ap_airspeed_analog.obj
e:\1\projects\projects\debug\ap_airspeed_i2c.obj
e:\1\projects\projects\debug\ap_airspeed_px4.obj
e:\1\projects\projects\debug\ap_arming.obj
e:\1\projects\projects\debug\ac_attitudecontrol.obj
e:\1\projects\projects\debug\ac_attitudecontrol_heli.obj
e:\1\projects\projects\debug\ac_attitudecontrol_multi.obj
e:\1\projects\projects\debug\ac_poscontrol.obj
e:\1\projects\projects\debug\ac_fence.obj
e:\1\projects\projects\debug\ac_heli_pid.obj
e:\1\projects\projects\debug\ac_p.obj
e:\1\projects\projects\debug\ac_pid.obj
e:\1\projects\projects\debug\ac_pi_2d.obj
e:\1\projects\projects\debug\ac_precland.obj
e:\1\projects\projects\debug\ac_precland_companion.obj
e:\1\projects\projects\debug\ac_precland_irlock.obj
e:\1\projects\projects\debug\ac_sprayer.obj
e:\1\projects\projects\debug\ac_circle.obj
e:\1\projects\projects\debug\ac_wpnav.obj
e:\1\projects\debug\projects.pdb
e:\1\projects\projects\debug\projects.tlog\cl.command.1.tlog
e:\1\projects\projects\debug\projects.tlog\cl.read.1.tlog
e:\1\projects\projects\debug\projects.tlog\cl.write.1.tlog
e:\1\projects\projects\debug\projects.tlog\link-cvtres.read.1.tlog
e:\1\projects\projects\debug\projects.tlog\link-cvtres.write.1.tlog
e:\1\projects\projects\debug\projects.tlog\link-rc.read.1.tlog
e:\1\projects\projects\debug\projects.tlog\link-rc.write.1.tlog
e:\1\projects\projects\debug\projects.tlog\link.command.1.tlog
e:\1\projects\projects\debug\projects.tlog\link.read.1.tlog
e:\1\projects\projects\debug\projects.tlog\link.write.1.tlog
